2012/04/29 00:20:10 [error] [exception.CHttpException.404] exception 'CHttpException' with message '无法解析请求 "default"。' in E:\web\dingcan\framework\web\CWebApplication.php:280
Stack trace:
#0 E:\web\dingcan\framework\web\CWebApplication.php(135): CWebApplication->runController('')
#1 E:\web\dingcan\framework\base\CApplication.php(162): CWebApplication->processRequest()
#2 E:\web\dingcan\index.php(13): CApplication->run()
#3 {main}
REQUEST_URI=/dingcan/
HTTP_REFERER=http://localhost/
---
2012/04/29 00:23:42 [error] [exception.CHttpException.404] exception 'CHttpException' with message '系统无法找到请求的 "index" 动作.' in E:\web\dingcan\framework\web\CController.php:484
Stack trace:
#0 E:\web\dingcan\framework\web\CController.php(271): CController->missingAction('')
#1 E:\web\dingcan\framework\web\CWebApplication.php(276): CController->run('')
#2 E:\web\dingcan\framework\web\CWebApplication.php(135): CWebApplication->runController('')
#3 E:\web\dingcan\framework\base\CApplication.php(162): CWebApplication->processRequest()
#4 E:\web\dingcan\index.php(13): CApplication->run()
#5 {main}
REQUEST_URI=/dingcan/
HTTP_REFERER=http://localhost/
---
2012/04/29 16:33:48 [error] [exception.CException] exception 'CException' with message 'SecureController 无法找到请求的视图 "login".' in E:\web\dingcan\framework\web\CController.php:879
Stack trace:
#0 E:\web\dingcan\framework\web\CController.php(783): CController->renderPartial('login', NULL, true)
#1 E:\web\dingcan\protected\controllers\SecureController.php(14): CController->render('login')
#2 E:\web\dingcan\framework\web\actions\CInlineAction.php(50): SecureController->actionLogin()
#3 E:\web\dingcan\framework\web\CController.php(309): CInlineAction->runWithParams(Array)
#4 E:\web\dingcan\framework\web\CController.php(287): CController->runAction(Object(CInlineAction))
#5 E:\web\dingcan\framework\web\CController.php(266): CController->runActionWithFilters(Object(CInlineAction), Array)
#6 E:\web\dingcan\framework\web\CWebApplication.php(276): CController->run('login')
#7 E:\web\dingcan\framework\web\CWebApplication.php(135): CWebApplication->runController('secure/login')
#8 E:\web\dingcan\framework\base\CApplication.php(162): CWebApplication->processRequest()
#9 E:\web\dingcan\index.php(14): CApplication->run()
#10 {main}
REQUEST_URI=/dingcan/login
---
2012/04/29 16:35:08 [error] [php] include(DingCanUtils.php) [<a href='function.include'>function.include</a>]: failed to open stream: No such file or directory (E:\web\dingcan\framework\YiiBase.php:418)
Stack trace:
#0 E:\web\dingcan\themes\basic\views\secure\login.php(3): spl_autoload_call()
#1 E:\web\dingcan\framework\web\CBaseController.php(127): require()
#2 E:\web\dingcan\framework\web\CBaseController.php(96): SecureController->renderInternal()
#3 E:\web\dingcan\framework\web\CController.php(870): SecureController->renderFile()
#4 E:\web\dingcan\framework\web\CController.php(783): SecureController->renderPartial()
#5 E:\web\dingcan\protected\controllers\SecureController.php(14): SecureController->render()
#6 E:\web\dingcan\framework\web\actions\CInlineAction.php(50): SecureController->actionLogin()
#7 E:\web\dingcan\framework\web\CController.php(309): CInlineAction->runWithParams()
#8 E:\web\dingcan\framework\web\CController.php(287): SecureController->runAction()
#9 E:\web\dingcan\framework\web\CController.php(266): SecureController->runActionWithFilters()
#10 E:\web\dingcan\framework\web\CWebApplication.php(276): SecureController->run()
#11 E:\web\dingcan\framework\web\CWebApplication.php(135): CWebApplication->runController()
#12 E:\web\dingcan\framework\base\CApplication.php(162): CWebApplication->processRequest()
#13 E:\web\dingcan\index.php(14): CWebApplication->run()
REQUEST_URI=/dingcan/login
2012/04/29 16:41:48 [error] [exception.CHttpException.404] exception 'CHttpException' with message '无法解析请求 "global/bootstrap/css/dingcan.css"。' in E:\web\dingcan\framework\web\CWebApplication.php:280
Stack trace:
#0 E:\web\dingcan\framework\web\CWebApplication.php(135): CWebApplication->runController('global/bootstra...')
#1 E:\web\dingcan\framework\base\CApplication.php(162): CWebApplication->processRequest()
#2 E:\web\dingcan\index.php(14): CApplication->run()
#3 {main}
REQUEST_URI=/dingcan/global/bootstrap/css/dingcan.css
HTTP_REFERER=http://localhost/dingcan/login
---
2012/04/29 18:32:51 [error] [exception.CHttpException.404] exception 'CHttpException' with message '无法解析请求 "login"。' in E:\web\dingcan\framework\web\CWebApplication.php:280
Stack trace:
#0 E:\web\dingcan\framework\web\CWebApplication.php(135): CWebApplication->runController('login')
#1 E:\web\dingcan\framework\base\CApplication.php(162): CWebApplication->processRequest()
#2 E:\web\dingcan\index.php(14): CApplication->run()
#3 {main}
REQUEST_URI=/dingcan/login
---
2012/04/29 18:40:40 [error] [exception.CHttpException.404] exception 'CHttpException' with message '无法解析请求 "logins"。' in E:\web\dingcan\framework\web\CWebApplication.php:280
Stack trace:
#0 E:\web\dingcan\framework\web\CWebApplication.php(135): CWebApplication->runController('logins')
#1 E:\web\dingcan\framework\base\CApplication.php(162): CWebApplication->processRequest()
#2 E:\web\dingcan\index.php(14): CApplication->run()
#3 {main}
REQUEST_URI=/dingcan/logins
---
2012/04/29 18:58:17 [error] [exception.CException] exception 'CException' with message '属性 "CActiveForm.class" 未被定义.' in E:\web\dingcan\framework\base\CComponent.php:174
Stack trace:
#0 E:\web\dingcan\framework\web\CWidgetFactory.php(162): CComponent->__set('class', 'clearfix')
#1 E:\web\dingcan\framework\web\CBaseController.php(147): CWidgetFactory->createWidget(Object(SecureController), 'CActiveForm', Array)
#2 E:\web\dingcan\framework\web\CBaseController.php(190): CBaseController->createWidget('CActiveForm', Array)
#3 E:\web\dingcan\themes\basic\views\secure\index.php(33): CBaseController->beginWidget('CActiveForm', Array)
#4 E:\web\dingcan\framework\web\CBaseController.php(127): require('E:\web\dingcan\...')
#5 E:\web\dingcan\framework\web\CBaseController.php(96): CBaseController->renderInternal('E:\web\dingcan\...', Array, true)
#6 E:\web\dingcan\framework\web\CController.php(870): CBaseController->renderFile('E:\web\dingcan\...', Array, true)
#7 E:\web\dingcan\framework\web\CController.php(783): CController->renderPartial('index', Array, true)
#8 E:\web\dingcan\protected\controllers\SecureController.php(29): CController->render('index', Array)
#9 E:\web\dingcan\framework\web\actions\CInlineAction.php(50): SecureController->actionLogin()
#10 E:\web\dingcan\framework\web\CController.php(309): CInlineAction->runWithParams(Array)
#11 E:\web\dingcan\framework\web\CController.php(287): CController->runAction(Object(CInlineAction))
#12 E:\web\dingcan\framework\web\CController.php(266): CController->runActionWithFilters(Object(CInlineAction), Array)
#13 E:\web\dingcan\framework\web\CWebApplication.php(276): CController->run('login')
#14 E:\web\dingcan\framework\web\CWebApplication.php(135): CWebApplication->runController('secure/login')
#15 E:\web\dingcan\framework\base\CApplication.php(162): CWebApplication->processRequest()
#16 E:\web\dingcan\index.php(14): CApplication->run()
#17 {main}
REQUEST_URI=/dingcan/secure/login
HTTP_REFERER=http://localhost/dingcan/secure/login
---
2012/04/29 18:59:48 [error] [exception.CException] exception 'CException' with message '属性 "CActiveForm.class" 未被定义.' in E:\web\dingcan\framework\base\CComponent.php:174
Stack trace:
#0 E:\web\dingcan\framework\web\CWidgetFactory.php(162): CComponent->__set('class', 'clearfix')
#1 E:\web\dingcan\framework\web\CBaseController.php(147): CWidgetFactory->createWidget(Object(SecureController), 'CActiveForm', Array)
#2 E:\web\dingcan\framework\web\CBaseController.php(190): CBaseController->createWidget('CActiveForm', Array)
#3 E:\web\dingcan\themes\basic\views\secure\index.php(32): CBaseController->beginWidget('CActiveForm', Array)
#4 E:\web\dingcan\framework\web\CBaseController.php(127): require('E:\web\dingcan\...')
#5 E:\web\dingcan\framework\web\CBaseController.php(96): CBaseController->renderInternal('E:\web\dingcan\...', Array, true)
#6 E:\web\dingcan\framework\web\CController.php(870): CBaseController->renderFile('E:\web\dingcan\...', Array, true)
#7 E:\web\dingcan\framework\web\CController.php(783): CController->renderPartial('index', Array, true)
#8 E:\web\dingcan\protected\controllers\SecureController.php(29): CController->render('index', Array)
#9 E:\web\dingcan\framework\web\actions\CInlineAction.php(50): SecureController->actionLogin()
#10 E:\web\dingcan\framework\web\CController.php(309): CInlineAction->runWithParams(Array)
#11 E:\web\dingcan\framework\web\CController.php(287): CController->runAction(Object(CInlineAction))
#12 E:\web\dingcan\framework\web\CController.php(266): CController->runActionWithFilters(Object(CInlineAction), Array)
#13 E:\web\dingcan\framework\web\CWebApplication.php(276): CController->run('login')
#14 E:\web\dingcan\framework\web\CWebApplication.php(135): CWebApplication->runController('secure/login')
#15 E:\web\dingcan\framework\base\CApplication.php(162): CWebApplication->processRequest()
#16 E:\web\dingcan\index.php(14): CApplication->run()
#17 {main}
REQUEST_URI=/dingcan/secure/login
HTTP_REFERER=http://localhost/dingcan/secure/login
---
2012/04/29 19:09:26 [error] [php] Undefined variable: model (E:\web\dingcan\themes\basic\views\secure\index.php:37)
Stack trace:
#0 E:\web\dingcan\framework\web\CController.php(870): SecureController->renderFile()
#1 E:\web\dingcan\framework\web\CController.php(783): SecureController->renderPartial()
#2 E:\web\dingcan\protected\controllers\SecureController.php(29): SecureController->render()
#3 E:\web\dingcan\framework\web\actions\CInlineAction.php(50): SecureController->actionLogin()
#4 E:\web\dingcan\framework\web\CController.php(309): CInlineAction->runWithParams()
#5 E:\web\dingcan\framework\web\CController.php(287): SecureController->runAction()
#6 E:\web\dingcan\framework\web\CController.php(266): SecureController->runActionWithFilters()
#7 E:\web\dingcan\framework\web\CWebApplication.php(276): SecureController->run()
#8 E:\web\dingcan\framework\web\CWebApplication.php(135): CWebApplication->runController()
#9 E:\web\dingcan\framework\base\CApplication.php(162): CWebApplication->processRequest()
#10 E:\web\dingcan\index.php(14): CWebApplication->run()
REQUEST_URI=/dingcan/secure/login
2012/04/29 19:13:57 [error] [php] Undefined variable: form (E:\web\dingcan\themes\basic\views\secure\index.php:38)
Stack trace:
#0 E:\web\dingcan\framework\web\CController.php(870): SecureController->renderFile()
#1 E:\web\dingcan\framework\web\CController.php(783): SecureController->renderPartial()
#2 E:\web\dingcan\protected\controllers\SecureController.php(29): SecureController->render()
#3 E:\web\dingcan\framework\web\actions\CInlineAction.php(50): SecureController->actionLogin()
#4 E:\web\dingcan\framework\web\CController.php(309): CInlineAction->runWithParams()
#5 E:\web\dingcan\framework\web\CController.php(287): SecureController->runAction()
#6 E:\web\dingcan\framework\web\CController.php(266): SecureController->runActionWithFilters()
#7 E:\web\dingcan\framework\web\CWebApplication.php(276): SecureController->run()
#8 E:\web\dingcan\framework\web\CWebApplication.php(135): CWebApplication->runController()
#9 E:\web\dingcan\framework\base\CApplication.php(162): CWebApplication->processRequest()
#10 E:\web\dingcan\index.php(14): CWebApplication->run()
REQUEST_URI=/dingcan/secure/login
2012/04/29 19:14:06 [error] [php] Undefined variable: form (E:\web\dingcan\themes\basic\views\secure\index.php:38)
Stack trace:
#0 E:\web\dingcan\framework\web\CController.php(870): SecureController->renderFile()
#1 E:\web\dingcan\framework\web\CController.php(783): SecureController->renderPartial()
#2 E:\web\dingcan\protected\controllers\SecureController.php(29): SecureController->render()
#3 E:\web\dingcan\protected\controllers\SecureController.php(12): SecureController->actionLogin()
#4 E:\web\dingcan\framework\web\actions\CInlineAction.php(50): SecureController->actionIndex()
#5 E:\web\dingcan\framework\web\CController.php(309): CInlineAction->runWithParams()
#6 E:\web\dingcan\framework\web\CController.php(287): SecureController->runAction()
#7 E:\web\dingcan\framework\web\CController.php(266): SecureController->runActionWithFilters()
#8 E:\web\dingcan\framework\web\CWebApplication.php(276): SecureController->run()
#9 E:\web\dingcan\framework\web\CWebApplication.php(135): CWebApplication->runController()
#10 E:\web\dingcan\framework\base\CApplication.php(162): CWebApplication->processRequest()
#11 E:\web\dingcan\index.php(14): CWebApplication->run()
REQUEST_URI=/dingcan/login
2012/04/29 19:17:47 [error] [php] Undefined variable: model (E:\web\dingcan\themes\basic\views\secure\index.php:40)
Stack trace:
#0 E:\web\dingcan\framework\web\CController.php(870): SecureController->renderFile()
#1 E:\web\dingcan\framework\web\CController.php(783): SecureController->renderPartial()
#2 E:\web\dingcan\protected\controllers\SecureController.php(29): SecureController->render()
#3 E:\web\dingcan\protected\controllers\SecureController.php(12): SecureController->actionLogin()
#4 E:\web\dingcan\framework\web\actions\CInlineAction.php(50): SecureController->actionIndex()
#5 E:\web\dingcan\framework\web\CController.php(309): CInlineAction->runWithParams()
#6 E:\web\dingcan\framework\web\CController.php(287): SecureController->runAction()
#7 E:\web\dingcan\framework\web\CController.php(266): SecureController->runActionWithFilters()
#8 E:\web\dingcan\framework\web\CWebApplication.php(276): SecureController->run()
#9 E:\web\dingcan\framework\web\CWebApplication.php(135): CWebApplication->runController()
#10 E:\web\dingcan\framework\base\CApplication.php(162): CWebApplication->processRequest()
#11 E:\web\dingcan\index.php(14): CWebApplication->run()
REQUEST_URI=/dingcan/login
